<?xml version="1.0" encoding="UTF-8"?>
<testng-results total="1" passed="1" failed="0" skipped="0">
  <reporter-output>
  </reporter-output>
  <suite started-at="2020-11-20T04:58:17Z" name="Default suite" finished-at="2020-11-20T04:58:17Z" duration-ms="133">
    <groups>
    </groups>
    <test started-at="2020-11-20T04:58:17Z" name="Default test" finished-at="2020-11-20T04:58:17Z" duration-ms="133">
      <class name="Test.TestNgEjemplo">
        <test-method signature="f()[pri:0, instance:Test.TestNgEjemplo@47d9a273]" started-at="2020-11-19T23:58:17Z" name="f" finished-at="2020-11-19T23:58:17Z" duration-ms="68" status="PASS">
          <reporter-output>
          </reporter-output>
        </test-method> <!-- f -->
      </class> <!-- Test.TestNgEjemplo -->
    </test> <!-- Default test -->
  </suite> <!-- Default suite -->
</testng-results>
